<?xml version="1.0" encoding="UTF-8"?>
<!-- Generated by org.testng.reporters.JUnitXMLReporter -->
<testsuite ignored="17" hostname="DESKTOP-HL4JRJF" failures="0" tests="1" name="Default test" time="13.325" errors="0" timestamp="2022-07-01T16:14:55 IST">
  <testcase classname="com.bridgelabz.spotify.SpotifyApi" name="getCurrentUserPlaylists" time="13.231"/>
  <testcase classname="com.bridgelabz.spotify.SpotifyApi" name="getPlaylist" time="0.0">
    <ignored/>
  </testcase> <!-- getPlaylist -->
  <testcase classname="com.bridgelabz.spotify.SpotifyApi" name="GetTrackAudioAnalysis" time="0.0">
    <ignored/>
  </testcase> <!-- GetTrackAudioAnalysis -->
  <testcase classname="com.bridgelabz.spotify.SpotifyApi" name="getPlaylistItems" time="0.0">
    <ignored/>
  </testcase> <!-- getPlaylistItems -->
  <testcase classname="com.bridgelabz.spotify.SpotifyApi" name="createPlaylist" time="0.0">
    <ignored/>
  </testcase> <!-- createPlaylist -->
  <testcase classname="com.bridgelabz.spotify.SpotifyApi" name="getSeveralTracks" time="0.0">
    <ignored/>
  </testcase> <!-- getSeveralTracks -->
  <testcase classname="com.bridgelabz.spotify.SpotifyApi" name="getTracksAudioFeatures" time="0.0">
    <ignored/>
  </testcase> <!-- getTracksAudioFeatures -->
  <testcase classname="com.bridgelabz.spotify.SpotifyApi" name="get_Track" time="0.0">
    <ignored/>
  </testcase> <!-- get_Track -->
  <testcase classname="com.bridgelabz.spotify.SpotifyApi" name="testGet_Users_Profile" time="0.0">
    <ignored/>
  </testcase> <!-- testGet_Users_Profile -->
  <testcase classname="com.bridgelabz.spotify.SpotifyApi" name="changePlaylistDetails" time="0.0">
    <ignored/>
  </testcase> <!-- changePlaylistDetails -->
  <testcase classname="com.bridgelabz.spotify.SpotifyApi" name="searchforItem" time="0.0">
    <ignored/>
  </testcase> <!-- searchforItem -->
  <testcase classname="com.bridgelabz.spotify.SpotifyApi" name="getPlaylistCoverImage" time="0.0">
    <ignored/>
  </testcase> <!-- getPlaylistCoverImage -->
  <testcase classname="com.bridgelabz.spotify.SpotifyApi" name="getUserPlaylists" time="0.0">
    <ignored/>
  </testcase> <!-- getUserPlaylists -->
  <testcase classname="com.bridgelabz.spotify.SpotifyApi" name="addItemstoPlaylist" time="0.0">
    <ignored/>
  </testcase> <!-- addItemstoPlaylist -->
  <testcase classname="com.bridgelabz.spotify.SpotifyApi" name="updatePlaylistItems" time="0.0">
    <ignored/>
  </testcase> <!-- updatePlaylistItems -->
  <testcase classname="com.bridgelabz.spotify.SpotifyApi" name="removePlaylistItems" time="0.0">
    <ignored/>
  </testcase> <!-- removePlaylistItems -->
  <testcase classname="com.bridgelabz.spotify.SpotifyApi" name="getTrackAudioFeatures" time="0.0">
    <ignored/>
  </testcase> <!-- getTrackAudioFeatures -->
  <testcase classname="com.bridgelabz.spotify.SpotifyApi" name="testGet_CurrentUsersProfile" time="0.0">
    <ignored/>
  </testcase> <!-- testGet_CurrentUsersProfile -->
</testsuite> <!-- Default test -->
