<?xml version="1.0" encoding="UTF-8"?>
<testng-results ignored="17" total="18" passed="1" failed="0" skipped="0">
  <reporter-output>
  </reporter-output>
  <suite started-at="2022-07-01T16:14:41 IST" name="Default suite" finished-at="2022-07-01T16:14:55 IST" duration-ms="13325">
    <groups>
    </groups>
    <test started-at="2022-07-01T16:14:41 IST" name="Default test" finished-at="2022-07-01T16:14:55 IST" duration-ms="13325">
      <class name="com.bridgelabz.spotify.SpotifyApi">
        <test-method is-config="true" signature="getToken()[pri:0, instance:com.bridgelabz.spotify.SpotifyApi@6babf3bf]" started-at="2022-07-01T16:14:41 IST" name="getToken" finished-at="2022-07-01T16:14:41 IST" duration-ms="16" status="PASS">
          <reporter-output>
          </reporter-output>
        </test-method> <!-- getToken -->
        <test-method is-config="true" signature="getTrack()[pri:0, instance:com.bridgelabz.spotify.SpotifyApi@6babf3bf]" started-at="2022-07-01T16:14:41 IST" name="getTrack" finished-at="2022-07-01T16:14:41 IST" duration-ms="0" status="PASS">
          <reporter-output>
          </reporter-output>
        </test-method> <!-- getTrack -->
        <test-method signature="getCurrentUserPlaylists()[pri:8, instance:com.bridgelabz.spotify.SpotifyApi@6babf3bf]" started-at="2022-07-01T16:14:41 IST" name="getCurrentUserPlaylists" finished-at="2022-07-01T16:14:55 IST" duration-ms="13231" status="PASS">
          <reporter-output>
          </reporter-output>
        </test-method> <!-- getCurrentUserPlaylists -->
      </class> <!-- com.bridgelabz.spotify.SpotifyApi -->
    </test> <!-- Default test -->
  </suite> <!-- Default suite -->
</testng-results>
